0 info it worked if it ends with ok
1 verbose cli [ '/usr/local/bin/node', '/usr/local/bin/npm', 'start' ]
2 info using npm@4.0.2
3 info using node@v4.4.4
4 verbose run-script [ 'prestart', 'start', 'poststart' ]
5 info lifecycle express-start@0.0.0~prestart: express-start@0.0.0
6 silly lifecycle express-start@0.0.0~prestart: no script for prestart, continuing
7 info lifecycle express-start@0.0.0~start: express-start@0.0.0
8 verbose lifecycle express-start@0.0.0~start: unsafe-perm in lifecycle true
9 verbose lifecycle express-start@0.0.0~start: PATH: /usr/local/lib/node_modules/npm/bin/node-gyp-bin:/Users/zhanghaoyi/git-workspace/express-start/node_modules/.bin:/usr/local/opt/android-sdk/tools:/usr/local/opt/android-sdk/platform-tools:/usr/local/bin:/usr/bin:/bin:/usr/sbin:/sbin:/Users/zhanghaoyi/tool/gradle-2.4/bin:/Users/zhanghaoyi/tool/apache-maven-3.3.9/bin:/usr/local/mysql/bin
10 verbose lifecycle express-start@0.0.0~start: CWD: /Users/zhanghaoyi/git-workspace/express-start
11 silly lifecycle express-start@0.0.0~start: Args: [ '-c', 'babel-node ./bin/www --presets es2015,stage-2' ]
12 silly lifecycle express-start@0.0.0~start: Returned: code: 1  signal: null
13 info lifecycle express-start@0.0.0~start: Failed to exec start script
14 verbose stack Error: express-start@0.0.0 start: `babel-node ./bin/www --presets es2015,stage-2`
14 verbose stack Exit status 1
14 verbose stack     at EventEmitter.<anonymous> (/usr/local/lib/node_modules/npm/lib/utils/lifecycle.js:279:16)
14 verbose stack     at emitTwo (events.js:87:13)
14 verbose stack     at EventEmitter.emit (events.js:172:7)
14 verbose stack     at ChildProcess.<anonymous> (/usr/local/lib/node_modules/npm/lib/utils/spawn.js:40:14)
14 verbose stack     at emitTwo (events.js:87:13)
14 verbose stack     at ChildProcess.emit (events.js:172:7)
14 verbose stack     at maybeClose (internal/child_process.js:827:16)
14 verbose stack     at Process.ChildProcess._handle.onexit (internal/child_process.js:211:5)
15 verbose pkgid express-start@0.0.0
16 verbose cwd /Users/zhanghaoyi/git-workspace/express-start
17 error Darwin 15.5.0
18 error argv "/usr/local/bin/node" "/usr/local/bin/npm" "start"
19 error node v4.4.4
20 error npm  v4.0.2
21 error code ELIFECYCLE
22 error express-start@0.0.0 start: `babel-node ./bin/www --presets es2015,stage-2`
22 error Exit status 1
23 error Failed at the express-start@0.0.0 start script 'babel-node ./bin/www --presets es2015,stage-2'.
23 error Make sure you have the latest version of node.js and npm installed.
23 error If you do, this is most likely a problem with the express-start package,
23 error not with npm itself.
23 error Tell the author that this fails on your system:
23 error     babel-node ./bin/www --presets es2015,stage-2
23 error You can get information on how to open an issue for this project with:
23 error     npm bugs express-start
23 error Or if that isn't available, you can get their info via:
23 error     npm owner ls express-start
23 error There is likely additional logging output above.
24 verbose exit [ 1, true ]
